2024-04-26 00:50:39,075 - logger - DEBUG - 127.0.0.1:6569
2024-04-26 00:50:39,076 - logger - DEBUG - C:\Users\myron\AppData\Roaming\adspower_global\cwd_global\chrome_120\chromedriver.exe
2024-04-26 00:51:21,642 - logger - ERROR - An error occurred for 10 in task <function element_market_buy_one_nft at 0x0000021E559FD550>
2024-04-26 00:51:21,642 - logger - DEBUG - Message: 

2024-04-26 00:51:21,655 - logger - DEBUG - Close it
2024-04-26 00:51:25,997 - logger - DEBUG - Close it
2024-04-26 00:52:40,470 - logger - DEBUG - 127.0.0.1:6865
2024-04-26 00:52:40,470 - logger - DEBUG - C:\Users\myron\AppData\Roaming\adspower_global\cwd_global\chrome_120\chromedriver.exe
2024-04-26 00:53:00,514 - logger - DEBUG - wallet connection
2024-04-26 00:53:00,556 - logger - DEBUG - switch network
2024-04-26 00:53:10,796 - logger - ERROR - An error occurred for 10 in task <function element_market_buy_one_nft at 0x000002615AAED550>
2024-04-26 00:53:10,796 - logger - DEBUG - Message: 

2024-04-26 00:53:10,801 - logger - DEBUG - Close it
2024-04-26 00:53:14,973 - logger - DEBUG - Close it
2024-04-26 01:01:09,662 - logger - ERROR - An error occurred for 10 in task <function element_market_buy_one_nft at 0x00000243D3DBD550>
2024-04-26 01:01:09,662 - logger - DEBUG - Expecting value: line 1 column 1 (char 0)
2024-04-26 01:01:09,806 - logger - DEBUG - Close it
2024-04-26 01:01:09,946 - logger - ERROR - An error occurred for 11 in task <function element_market_buy_one_nft at 0x00000243D3DBD550>
2024-04-26 01:01:09,946 - logger - DEBUG - Expecting value: line 1 column 1 (char 0)
2024-04-26 01:01:10,083 - logger - DEBUG - Close it
2024-04-26 01:01:10,226 - logger - ERROR - An error occurred for 12 in task <function element_market_buy_one_nft at 0x00000243D3DBD550>
2024-04-26 01:01:10,226 - logger - DEBUG - Expecting value: line 1 column 1 (char 0)
2024-04-26 01:01:10,359 - logger - DEBUG - Close it
2024-04-26 01:01:10,496 - logger - ERROR - An error occurred for 13 in task <function element_market_buy_one_nft at 0x00000243D3DBD550>
2024-04-26 01:01:10,496 - logger - DEBUG - Expecting value: line 1 column 1 (char 0)
2024-04-26 01:01:10,635 - logger - DEBUG - Close it
2024-04-26 01:01:10,771 - logger - ERROR - An error occurred for 14 in task <function element_market_buy_one_nft at 0x00000243D3DBD550>
2024-04-26 01:01:10,771 - logger - DEBUG - Expecting value: line 1 column 1 (char 0)
2024-04-26 01:01:10,907 - logger - DEBUG - Close it
2024-04-26 01:01:11,042 - logger - ERROR - An error occurred for 15 in task <function element_market_buy_one_nft at 0x00000243D3DBD550>
2024-04-26 01:01:11,042 - logger - DEBUG - Expecting value: line 1 column 1 (char 0)
2024-04-26 01:01:11,175 - logger - DEBUG - Close it
2024-04-26 01:01:11,304 - logger - ERROR - An error occurred for 16 in task <function element_market_buy_one_nft at 0x00000243D3DBD550>
2024-04-26 01:01:11,304 - logger - DEBUG - Expecting value: line 1 column 1 (char 0)
2024-04-26 01:01:11,444 - logger - DEBUG - Close it
2024-04-26 01:01:11,591 - logger - ERROR - An error occurred for 17 in task <function element_market_buy_one_nft at 0x00000243D3DBD550>
2024-04-26 01:01:11,591 - logger - DEBUG - Expecting value: line 1 column 1 (char 0)
2024-04-26 01:01:11,718 - logger - DEBUG - Close it
2024-04-26 01:01:11,862 - logger - ERROR - An error occurred for 18 in task <function element_market_buy_one_nft at 0x00000243D3DBD550>
2024-04-26 01:01:11,862 - logger - DEBUG - Expecting value: line 1 column 1 (char 0)
2024-04-26 01:01:12,004 - logger - DEBUG - Close it
2024-04-26 01:01:12,138 - logger - ERROR - An error occurred for 19 in task <function element_market_buy_one_nft at 0x00000243D3DBD550>
2024-04-26 01:01:12,138 - logger - DEBUG - Expecting value: line 1 column 1 (char 0)
2024-04-26 01:01:12,283 - logger - DEBUG - Close it
2024-04-26 01:01:12,428 - logger - ERROR - An error occurred for 20 in task <function element_market_buy_one_nft at 0x00000243D3DBD550>
2024-04-26 01:01:12,428 - logger - DEBUG - Expecting value: line 1 column 1 (char 0)
2024-04-26 01:01:12,557 - logger - DEBUG - Close it
2024-04-26 01:01:12,689 - logger - ERROR - An error occurred for 21 in task <function element_market_buy_one_nft at 0x00000243D3DBD550>
2024-04-26 01:01:12,690 - logger - DEBUG - Expecting value: line 1 column 1 (char 0)
2024-04-26 01:01:12,823 - logger - DEBUG - Close it
2024-04-26 01:01:12,950 - logger - ERROR - An error occurred for 22 in task <function element_market_buy_one_nft at 0x00000243D3DBD550>
2024-04-26 01:01:12,951 - logger - DEBUG - Expecting value: line 1 column 1 (char 0)
2024-04-26 01:01:13,086 - logger - DEBUG - Close it
2024-04-26 01:01:13,225 - logger - ERROR - An error occurred for 23 in task <function element_market_buy_one_nft at 0x00000243D3DBD550>
2024-04-26 01:01:13,225 - logger - DEBUG - Expecting value: line 1 column 1 (char 0)
2024-04-26 01:01:13,356 - logger - DEBUG - Close it
2024-04-26 01:01:13,493 - logger - ERROR - An error occurred for 24 in task <function element_market_buy_one_nft at 0x00000243D3DBD550>
2024-04-26 01:01:13,493 - logger - DEBUG - Expecting value: line 1 column 1 (char 0)
2024-04-26 01:01:13,635 - logger - DEBUG - Close it
2024-04-26 01:01:13,761 - logger - ERROR - An error occurred for 25 in task <function element_market_buy_one_nft at 0x00000243D3DBD550>
2024-04-26 01:01:13,761 - logger - DEBUG - Expecting value: line 1 column 1 (char 0)
2024-04-26 01:01:13,897 - logger - DEBUG - Close it
2024-04-26 01:01:14,039 - logger - ERROR - An error occurred for 26 in task <function element_market_buy_one_nft at 0x00000243D3DBD550>
2024-04-26 01:01:14,039 - logger - DEBUG - Expecting value: line 1 column 1 (char 0)
2024-04-26 01:01:14,172 - logger - DEBUG - Close it
2024-04-26 01:01:14,309 - logger - ERROR - An error occurred for 27 in task <function element_market_buy_one_nft at 0x00000243D3DBD550>
2024-04-26 01:01:14,309 - logger - DEBUG - Expecting value: line 1 column 1 (char 0)
2024-04-26 01:01:14,436 - logger - DEBUG - Close it
2024-04-26 01:01:14,573 - logger - ERROR - An error occurred for 28 in task <function element_market_buy_one_nft at 0x00000243D3DBD550>
2024-04-26 01:01:14,574 - logger - DEBUG - Expecting value: line 1 column 1 (char 0)
2024-04-26 01:01:14,716 - logger - DEBUG - Close it
2024-04-26 01:01:14,860 - logger - ERROR - An error occurred for 29 in task <function element_market_buy_one_nft at 0x00000243D3DBD550>
2024-04-26 01:01:14,860 - logger - DEBUG - Expecting value: line 1 column 1 (char 0)
2024-04-26 01:01:14,990 - logger - DEBUG - Close it
2024-04-26 01:01:15,128 - logger - ERROR - An error occurred for 30 in task <function element_market_buy_one_nft at 0x00000243D3DBD550>
2024-04-26 01:01:15,128 - logger - DEBUG - Expecting value: line 1 column 1 (char 0)
2024-04-26 01:01:15,275 - logger - DEBUG - Close it
2024-04-26 01:01:15,410 - logger - ERROR - An error occurred for 31 in task <function element_market_buy_one_nft at 0x00000243D3DBD550>
2024-04-26 01:01:15,410 - logger - DEBUG - Expecting value: line 1 column 1 (char 0)
2024-04-26 01:01:15,556 - logger - DEBUG - Close it
2024-04-26 01:01:15,686 - logger - ERROR - An error occurred for 32 in task <function element_market_buy_one_nft at 0x00000243D3DBD550>
2024-04-26 01:01:15,686 - logger - DEBUG - Expecting value: line 1 column 1 (char 0)
2024-04-26 01:01:15,818 - logger - DEBUG - Close it
2024-04-26 01:01:15,958 - logger - ERROR - An error occurred for 33 in task <function element_market_buy_one_nft at 0x00000243D3DBD550>
2024-04-26 01:01:15,958 - logger - DEBUG - Expecting value: line 1 column 1 (char 0)
2024-04-26 01:01:16,106 - logger - DEBUG - Close it
2024-04-26 01:01:16,239 - logger - ERROR - An error occurred for 34 in task <function element_market_buy_one_nft at 0x00000243D3DBD550>
2024-04-26 01:01:16,239 - logger - DEBUG - Expecting value: line 1 column 1 (char 0)
2024-04-26 01:01:16,383 - logger - DEBUG - Close it
2024-04-26 01:01:16,524 - logger - ERROR - An error occurred for 35 in task <function element_market_buy_one_nft at 0x00000243D3DBD550>
2024-04-26 01:01:16,524 - logger - DEBUG - Expecting value: line 1 column 1 (char 0)
2024-04-26 01:01:16,665 - logger - DEBUG - Close it
2024-04-26 01:01:16,800 - logger - ERROR - An error occurred for 36 in task <function element_market_buy_one_nft at 0x00000243D3DBD550>
2024-04-26 01:01:16,800 - logger - DEBUG - Expecting value: line 1 column 1 (char 0)
2024-04-26 01:01:16,935 - logger - DEBUG - Close it
2024-04-26 01:01:17,077 - logger - ERROR - An error occurred for 37 in task <function element_market_buy_one_nft at 0x00000243D3DBD550>
2024-04-26 01:01:17,077 - logger - DEBUG - Expecting value: line 1 column 1 (char 0)
2024-04-26 01:01:17,216 - logger - DEBUG - Close it
2024-04-26 01:01:17,358 - logger - ERROR - An error occurred for 38 in task <function element_market_buy_one_nft at 0x00000243D3DBD550>
2024-04-26 01:01:17,358 - logger - DEBUG - Expecting value: line 1 column 1 (char 0)
2024-04-26 01:01:17,496 - logger - DEBUG - Close it
2024-04-26 01:01:17,634 - logger - ERROR - An error occurred for 39 in task <function element_market_buy_one_nft at 0x00000243D3DBD550>
2024-04-26 01:01:17,634 - logger - DEBUG - Expecting value: line 1 column 1 (char 0)
2024-04-26 01:01:17,783 - logger - DEBUG - Close it
2024-04-26 01:01:17,921 - logger - ERROR - An error occurred for 40 in task <function element_market_buy_one_nft at 0x00000243D3DBD550>
2024-04-26 01:01:17,921 - logger - DEBUG - Expecting value: line 1 column 1 (char 0)
2024-04-26 01:01:18,055 - logger - DEBUG - Close it
2024-04-26 01:01:18,187 - logger - ERROR - An error occurred for 41 in task <function element_market_buy_one_nft at 0x00000243D3DBD550>
2024-04-26 01:01:18,187 - logger - DEBUG - Expecting value: line 1 column 1 (char 0)
2024-04-26 01:01:18,335 - logger - DEBUG - Close it
2024-04-26 01:01:18,475 - logger - ERROR - An error occurred for 42 in task <function element_market_buy_one_nft at 0x00000243D3DBD550>
2024-04-26 01:01:18,475 - logger - DEBUG - Expecting value: line 1 column 1 (char 0)
2024-04-26 01:01:18,612 - logger - DEBUG - Close it
2024-04-26 01:01:18,748 - logger - ERROR - An error occurred for 43 in task <function element_market_buy_one_nft at 0x00000243D3DBD550>
2024-04-26 01:01:18,748 - logger - DEBUG - Expecting value: line 1 column 1 (char 0)
2024-04-26 01:01:18,872 - logger - DEBUG - Close it
2024-04-26 01:01:19,015 - logger - ERROR - An error occurred for 44 in task <function element_market_buy_one_nft at 0x00000243D3DBD550>
2024-04-26 01:01:19,015 - logger - DEBUG - Expecting value: line 1 column 1 (char 0)
2024-04-26 01:01:19,152 - logger - DEBUG - Close it
2024-04-26 01:01:19,288 - logger - ERROR - An error occurred for 45 in task <function element_market_buy_one_nft at 0x00000243D3DBD550>
2024-04-26 01:01:19,288 - logger - DEBUG - Expecting value: line 1 column 1 (char 0)
2024-04-26 01:01:19,420 - logger - DEBUG - Close it
2024-04-26 01:01:19,559 - logger - ERROR - An error occurred for 46 in task <function element_market_buy_one_nft at 0x00000243D3DBD550>
2024-04-26 01:01:19,559 - logger - DEBUG - Expecting value: line 1 column 1 (char 0)
2024-04-26 01:01:19,699 - logger - DEBUG - Close it
2024-04-26 01:01:19,838 - logger - ERROR - An error occurred for 47 in task <function element_market_buy_one_nft at 0x00000243D3DBD550>
2024-04-26 01:01:19,838 - logger - DEBUG - Expecting value: line 1 column 1 (char 0)
2024-04-26 01:01:19,976 - logger - DEBUG - Close it
2024-04-26 01:01:20,114 - logger - ERROR - An error occurred for 48 in task <function element_market_buy_one_nft at 0x00000243D3DBD550>
2024-04-26 01:01:20,114 - logger - DEBUG - Expecting value: line 1 column 1 (char 0)
2024-04-26 01:01:20,257 - logger - DEBUG - Close it
2024-04-26 01:01:20,398 - logger - ERROR - An error occurred for 49 in task <function element_market_buy_one_nft at 0x00000243D3DBD550>
2024-04-26 01:01:20,398 - logger - DEBUG - Expecting value: line 1 column 1 (char 0)
2024-04-26 01:01:20,532 - logger - DEBUG - Close it
2024-04-26 01:01:20,667 - logger - ERROR - An error occurred for 50 in task <function element_market_buy_one_nft at 0x00000243D3DBD550>
2024-04-26 01:01:20,667 - logger - DEBUG - Expecting value: line 1 column 1 (char 0)
2024-04-26 01:01:20,805 - logger - DEBUG - Close it
2024-04-26 01:01:20,951 - logger - ERROR - An error occurred for 51 in task <function element_market_buy_one_nft at 0x00000243D3DBD550>
2024-04-26 01:01:20,951 - logger - DEBUG - Expecting value: line 1 column 1 (char 0)
2024-04-26 01:01:21,084 - logger - DEBUG - Close it
2024-04-26 01:01:21,213 - logger - ERROR - An error occurred for 52 in task <function element_market_buy_one_nft at 0x00000243D3DBD550>
2024-04-26 01:01:21,214 - logger - DEBUG - Expecting value: line 1 column 1 (char 0)
2024-04-26 01:01:21,343 - logger - DEBUG - Close it
2024-04-26 01:01:21,488 - logger - ERROR - An error occurred for 53 in task <function element_market_buy_one_nft at 0x00000243D3DBD550>
2024-04-26 01:01:21,488 - logger - DEBUG - Expecting value: line 1 column 1 (char 0)
2024-04-26 01:01:21,619 - logger - DEBUG - Close it
2024-04-26 01:01:21,761 - logger - ERROR - An error occurred for 54 in task <function element_market_buy_one_nft at 0x00000243D3DBD550>
2024-04-26 01:01:21,762 - logger - DEBUG - Expecting value: line 1 column 1 (char 0)
2024-04-26 01:01:21,897 - logger - DEBUG - Close it
2024-04-26 01:01:22,039 - logger - ERROR - An error occurred for 55 in task <function element_market_buy_one_nft at 0x00000243D3DBD550>
2024-04-26 01:01:22,039 - logger - DEBUG - Expecting value: line 1 column 1 (char 0)
2024-04-26 01:01:22,180 - logger - DEBUG - Close it
2024-04-26 01:01:22,316 - logger - ERROR - An error occurred for 56 in task <function element_market_buy_one_nft at 0x00000243D3DBD550>
2024-04-26 01:01:22,316 - logger - DEBUG - Expecting value: line 1 column 1 (char 0)
2024-04-26 01:01:22,456 - logger - DEBUG - Close it
2024-04-26 01:01:22,592 - logger - ERROR - An error occurred for 57 in task <function element_market_buy_one_nft at 0x00000243D3DBD550>
2024-04-26 01:01:22,592 - logger - DEBUG - Expecting value: line 1 column 1 (char 0)
2024-04-26 01:01:22,670 - logger - DEBUG - Close it
2024-04-26 01:01:22,812 - logger - ERROR - An error occurred for 58 in task <function element_market_buy_one_nft at 0x00000243D3DBD550>
2024-04-26 01:01:22,813 - logger - DEBUG - Expecting value: line 1 column 1 (char 0)
2024-04-26 01:01:22,945 - logger - DEBUG - Close it
2024-04-26 01:01:23,081 - logger - ERROR - An error occurred for 59 in task <function element_market_buy_one_nft at 0x00000243D3DBD550>
2024-04-26 01:01:23,082 - logger - DEBUG - Expecting value: line 1 column 1 (char 0)
2024-04-26 01:01:23,224 - logger - DEBUG - Close it
2024-04-26 01:01:23,362 - logger - ERROR - An error occurred for 60 in task <function element_market_buy_one_nft at 0x00000243D3DBD550>
2024-04-26 01:01:23,362 - logger - DEBUG - Expecting value: line 1 column 1 (char 0)
2024-04-26 01:01:23,496 - logger - DEBUG - Close it
2024-04-26 01:01:23,642 - logger - ERROR - An error occurred for 61 in task <function element_market_buy_one_nft at 0x00000243D3DBD550>
2024-04-26 01:01:23,642 - logger - DEBUG - Expecting value: line 1 column 1 (char 0)
2024-04-26 01:01:23,766 - logger - DEBUG - Close it
2024-04-26 01:01:23,905 - logger - ERROR - An error occurred for 62 in task <function element_market_buy_one_nft at 0x00000243D3DBD550>
2024-04-26 01:01:23,905 - logger - DEBUG - Expecting value: line 1 column 1 (char 0)
2024-04-26 01:01:24,033 - logger - DEBUG - Close it
2024-04-26 01:01:24,176 - logger - ERROR - An error occurred for 63 in task <function element_market_buy_one_nft at 0x00000243D3DBD550>
2024-04-26 01:01:24,176 - logger - DEBUG - Expecting value: line 1 column 1 (char 0)
2024-04-26 01:01:24,310 - logger - DEBUG - Close it
2024-04-26 01:01:24,451 - logger - ERROR - An error occurred for 64 in task <function element_market_buy_one_nft at 0x00000243D3DBD550>
2024-04-26 01:01:24,451 - logger - DEBUG - Expecting value: line 1 column 1 (char 0)
2024-04-26 01:01:24,583 - logger - DEBUG - Close it
2024-04-26 01:01:24,721 - logger - ERROR - An error occurred for 65 in task <function element_market_buy_one_nft at 0x00000243D3DBD550>
2024-04-26 01:01:24,721 - logger - DEBUG - Expecting value: line 1 column 1 (char 0)
2024-04-26 01:01:24,858 - logger - DEBUG - Close it
2024-04-26 01:01:25,000 - logger - ERROR - An error occurred for 66 in task <function element_market_buy_one_nft at 0x00000243D3DBD550>
2024-04-26 01:01:25,000 - logger - DEBUG - Expecting value: line 1 column 1 (char 0)
2024-04-26 01:01:25,137 - logger - DEBUG - Close it
2024-04-26 01:01:25,280 - logger - ERROR - An error occurred for 67 in task <function element_market_buy_one_nft at 0x00000243D3DBD550>
2024-04-26 01:01:25,280 - logger - DEBUG - Expecting value: line 1 column 1 (char 0)
2024-04-26 01:01:25,417 - logger - DEBUG - Close it
2024-04-26 01:01:25,552 - logger - ERROR - An error occurred for 68 in task <function element_market_buy_one_nft at 0x00000243D3DBD550>
2024-04-26 01:01:25,552 - logger - DEBUG - Expecting value: line 1 column 1 (char 0)
2024-04-26 01:01:25,685 - logger - DEBUG - Close it
2024-04-26 01:01:25,825 - logger - ERROR - An error occurred for 69 in task <function element_market_buy_one_nft at 0x00000243D3DBD550>
2024-04-26 01:01:25,825 - logger - DEBUG - Expecting value: line 1 column 1 (char 0)
2024-04-26 01:01:25,963 - logger - DEBUG - Close it
2024-04-26 01:01:26,103 - logger - ERROR - An error occurred for 70 in task <function element_market_buy_one_nft at 0x00000243D3DBD550>
2024-04-26 01:01:26,103 - logger - DEBUG - Expecting value: line 1 column 1 (char 0)
2024-04-26 01:01:38,817 - logger - DEBUG - 127.0.0.1:8039
2024-04-26 01:01:38,817 - logger - DEBUG - C:\Users\myron\AppData\Roaming\adspower_global\cwd_global\chrome_120\chromedriver.exe
2024-04-26 01:01:58,915 - logger - DEBUG - wallet connection
2024-04-26 01:01:58,951 - logger - DEBUG - switch network
2024-04-26 01:01:58,984 - logger - DEBUG - try to click item
2024-04-26 01:01:59,990 - logger - DEBUG - click item
2024-04-26 01:02:08,110 - logger - DEBUG - check1
2024-04-26 01:02:09,122 - logger - DEBUG - ['E3723165D711F0030078D947A52C9E4C', '244AAADB683976F21E6FA774EAED6E96']
2024-04-26 01:02:10,154 - logger - DEBUG - check3
2024-04-26 01:02:10,165 - logger - DEBUG - check5
2024-04-26 01:02:10,175 - logger - DEBUG - check5
2024-04-26 01:02:10,186 - logger - DEBUG - check5
2024-04-26 01:02:10,196 - logger - DEBUG - check5
2024-04-26 01:02:10,206 - logger - DEBUG - check4
2024-04-26 01:02:10,253 - logger - DEBUG - check1
2024-04-26 01:02:11,254 - logger - DEBUG - ['E3723165D711F0030078D947A52C9E4C']
2024-04-26 01:02:12,261 - logger - DEBUG - not found
2024-04-26 01:02:12,261 - logger - DEBUG - check1
2024-04-26 01:02:13,269 - logger - DEBUG - ['E3723165D711F0030078D947A52C9E4C']
2024-04-26 01:02:14,278 - logger - DEBUG - not found
2024-04-26 01:02:14,278 - logger - DEBUG - check1
2024-04-26 01:02:15,287 - logger - DEBUG - ['E3723165D711F0030078D947A52C9E4C']
2024-04-26 01:02:16,307 - logger - DEBUG - not found
2024-04-26 01:02:48,489 - logger - INFO - element_market_buy_one_nft is True for 10
2024-04-26 01:02:50,503 - logger - DEBUG - Close it
2024-04-26 01:03:00,798 - logger - DEBUG - 127.0.0.1:8272
2024-04-26 01:03:00,798 - logger - DEBUG - C:\Users\myron\AppData\Roaming\adspower_global\cwd_global\chrome_119\chromedriver.exe
2024-04-26 01:03:31,206 - logger - DEBUG - wallet connection
2024-04-26 01:03:43,012 - logger - DEBUG - switch network
2024-04-26 01:03:43,041 - logger - DEBUG - try to click item
2024-04-26 01:03:53,574 - logger - ERROR - An error occurred for 11 in task <function element_market_buy_one_nft at 0x0000024638CD6160>
2024-04-26 01:03:53,574 - logger - DEBUG - Message: 

2024-04-26 01:03:53,579 - logger - DEBUG - Close it
2024-04-26 01:04:02,724 - logger - DEBUG - 127.0.0.1:8529
2024-04-26 01:04:02,724 - logger - DEBUG - C:\Users\myron\AppData\Roaming\adspower_global\cwd_global\chrome_118\chromedriver.exe
2024-04-26 01:04:15,511 - logger - DEBUG - wallet connection
2024-04-26 01:04:15,513 - logger - ERROR - An error occurred for 12 in task <function element_market_buy_one_nft at 0x0000024638CD6160>
2024-04-26 01:04:15,513 - logger - DEBUG - ('Connection aborted.', ConnectionResetError(10054, '远程主机强迫关闭了一个现有的连接。', None, 10054, None))
2024-04-26 01:04:15,520 - logger - DEBUG - Close it
2024-04-26 01:04:17,654 - logger - DEBUG - Close it
2024-04-26 01:04:57,299 - logger - DEBUG - 127.0.0.1:8811
2024-04-26 01:04:57,299 - logger - DEBUG - C:\Users\myron\AppData\Roaming\adspower_global\cwd_global\chrome_123\chromedriver.exe
2024-04-26 01:05:18,617 - logger - DEBUG - wallet connection
2024-04-26 01:05:30,438 - logger - DEBUG - switch network
2024-04-26 01:05:30,470 - logger - DEBUG - try to click item
2024-04-26 01:05:33,399 - logger - DEBUG - Close it
2024-04-26 01:06:40,313 - logger - DEBUG - 127.0.0.1:9195
2024-04-26 01:06:40,314 - logger - DEBUG - C:\Users\myron\AppData\Roaming\adspower_global\cwd_global\chrome_123\chromedriver.exe
2024-04-26 01:06:53,940 - logger - DEBUG - check1
2024-04-26 01:06:54,945 - logger - DEBUG - ['8F6075937A57FB70C299A858AC580B72', 'A501A95227922FE9346EFD1C01F76512']
2024-04-26 01:06:55,977 - logger - DEBUG - check3
2024-04-26 01:06:55,988 - logger - DEBUG - check4
2024-04-26 01:06:56,056 - logger - DEBUG - check1
2024-04-26 01:06:57,071 - logger - DEBUG - ['8F6075937A57FB70C299A858AC580B72', 'A501A95227922FE9346EFD1C01F76512']
2024-04-26 01:06:58,094 - logger - DEBUG - check3
2024-04-26 01:06:58,100 - logger - DEBUG - check1
2024-04-26 01:06:59,115 - logger - DEBUG - ['8F6075937A57FB70C299A858AC580B72']
2024-04-26 01:07:00,137 - logger - DEBUG - not found
2024-04-26 01:07:00,137 - logger - DEBUG - wallet connection
2024-04-26 01:07:00,185 - logger - DEBUG - switch network
2024-04-26 01:07:00,219 - logger - DEBUG - try to click item
2024-04-26 01:07:01,209 - logger - DEBUG - click item
2024-04-26 01:07:09,414 - logger - DEBUG - check1
2024-04-26 01:07:10,425 - logger - DEBUG - ['8F6075937A57FB70C299A858AC580B72', '62927BAAB3C4E08BA290285E67B0C805']
2024-04-26 01:07:11,445 - logger - DEBUG - check3
2024-04-26 01:07:11,455 - logger - DEBUG - check5
2024-04-26 01:07:11,465 - logger - DEBUG - check5
2024-04-26 01:07:11,475 - logger - DEBUG - check5
2024-04-26 01:07:11,485 - logger - DEBUG - check5
2024-04-26 01:07:11,495 - logger - DEBUG - check4
2024-04-26 01:07:11,545 - logger - DEBUG - check1
2024-04-26 01:07:12,548 - logger - DEBUG - ['8F6075937A57FB70C299A858AC580B72']
2024-04-26 01:07:13,575 - logger - DEBUG - not found
2024-04-26 01:07:13,575 - logger - DEBUG - check1
2024-04-26 01:07:14,587 - logger - DEBUG - ['8F6075937A57FB70C299A858AC580B72']
2024-04-26 01:07:15,609 - logger - DEBUG - not found
2024-04-26 01:07:15,609 - logger - DEBUG - check1
2024-04-26 01:07:16,620 - logger - DEBUG - ['8F6075937A57FB70C299A858AC580B72']
2024-04-26 01:07:17,640 - logger - DEBUG - not found
2024-04-26 01:07:25,973 - logger - INFO - element_market_buy_one_nft is True for 56
2024-04-26 01:07:27,997 - logger - DEBUG - Close it
2024-04-26 01:07:37,297 - logger - DEBUG - 127.0.0.1:9329
2024-04-26 01:07:37,297 - logger - DEBUG - C:\Users\myron\AppData\Roaming\adspower_global\cwd_global\chrome_123\chromedriver.exe
2024-04-26 01:07:51,945 - logger - DEBUG - check1
2024-04-26 01:07:52,956 - logger - DEBUG - ['C21FCF4E84455484A312B8F05D23E01F', '7923ED15DD56D5DCAC2F124F8950CA3B']
2024-04-26 01:07:53,994 - logger - DEBUG - check3
2024-04-26 01:07:54,004 - logger - DEBUG - check4
2024-04-26 01:07:54,071 - logger - DEBUG - check1
2024-04-26 01:07:55,072 - logger - DEBUG - ['C21FCF4E84455484A312B8F05D23E01F', '7923ED15DD56D5DCAC2F124F8950CA3B']
2024-04-26 01:07:56,099 - logger - DEBUG - check3
2024-04-26 01:07:56,105 - logger - DEBUG - check1
2024-04-26 01:07:57,110 - logger - DEBUG - ['C21FCF4E84455484A312B8F05D23E01F']
2024-04-26 01:07:58,130 - logger - DEBUG - not found
2024-04-26 01:07:58,130 - logger - DEBUG - wallet connection
2024-04-26 01:08:19,180 - logger - ERROR - An error occurred for 57 in task <function element_market_buy_one_nft at 0x000002DD7B0FE550>
2024-04-26 01:08:19,180 - logger - DEBUG - Message: 
Stacktrace:
	GetHandleVerifier [0x00007FF6E70A07B2+306658]
	(No symbol) [0x00007FF6E6F2FB02]
	(No symbol) [0x00007FF6E6CEB9F9]
	(No symbol) [0x00007FF6E6D2A5FF]
	(No symbol) [0x00007FF6E6D2A830]
	(No symbol) [0x00007FF6E6D61167]
	(No symbol) [0x00007FF6E6D44E8F]
	(No symbol) [0x00007FF6E6D21ED2]
	(No symbol) [0x00007FF6E6D5F177]
	(No symbol) [0x00007FF6E6D44973]
	(No symbol) [0x00007FF6E6D21282]
	(No symbol) [0x00007FF6E6D1FEB3]
	(No symbol) [0x00007FF6E6D20AC8]
	GetHandleVerifier [0x00007FF6E70C0206+436278]
	sqlite3_dbdata_init [0x00007FF6E728C598+600200]
	sqlite3_dbdata_init [0x00007FF6E728BF36+598566]
	sqlite3_dbdata_init [0x00007FF6E72893B5+587429]
	sqlite3_dbdata_init [0x00007FF6E728CEE3+602579]
	(No symbol) [0x00007FF6E6F4689E]
	(No symbol) [0x00007FF6E6F3A144]
	(No symbol) [0x00007FF6E6F3A2D6]
	(No symbol) [0x00007FF6E6F205B6]
	BaseThreadInitThunk [0x00007FFF2A3B7344+20]
	RtlUserThreadStart [0x00007FFF2C3226B1+33]

2024-04-26 01:08:19,194 - logger - DEBUG - Close it
2024-04-26 01:08:28,090 - logger - DEBUG - Close it
2024-04-26 01:08:45,750 - logger - DEBUG - 127.0.0.1:9605
2024-04-26 01:08:45,750 - logger - DEBUG - C:\Users\myron\AppData\Roaming\adspower_global\cwd_global\chrome_123\chromedriver.exe
2024-04-26 01:09:06,635 - logger - DEBUG - wallet connection
2024-04-26 01:09:06,671 - logger - DEBUG - switch network
2024-04-26 01:09:06,703 - logger - DEBUG - try to click item
2024-04-26 01:09:07,738 - logger - DEBUG - click item
2024-04-26 01:09:15,878 - logger - DEBUG - check1
2024-04-26 01:09:16,889 - logger - DEBUG - ['C5831C20741C97CBB03A1D3E69AC0627', '08C7A2B53B2912053C38F7ED14BC7D33']
2024-04-26 01:09:17,920 - logger - DEBUG - check3
2024-04-26 01:09:17,931 - logger - DEBUG - check5
2024-04-26 01:09:17,941 - logger - DEBUG - check5
2024-04-26 01:09:17,950 - logger - DEBUG - check5
2024-04-26 01:09:17,960 - logger - DEBUG - check5
2024-04-26 01:09:17,970 - logger - DEBUG - check4
2024-04-26 01:09:18,015 - logger - DEBUG - check1
2024-04-26 01:09:19,022 - logger - DEBUG - ['C5831C20741C97CBB03A1D3E69AC0627']
2024-04-26 01:09:20,048 - logger - DEBUG - not found
2024-04-26 01:09:20,048 - logger - DEBUG - check1
2024-04-26 01:09:21,053 - logger - DEBUG - ['C5831C20741C97CBB03A1D3E69AC0627']
2024-04-26 01:09:22,075 - logger - DEBUG - not found
2024-04-26 01:09:22,075 - logger - DEBUG - check1
2024-04-26 01:09:23,085 - logger - DEBUG - ['C5831C20741C97CBB03A1D3E69AC0627']
2024-04-26 01:09:24,100 - logger - DEBUG - not found
2024-04-26 01:09:32,425 - logger - INFO - element_market_buy_one_nft is True for 57
2024-04-26 01:09:34,431 - logger - DEBUG - Close it
2024-04-26 01:09:47,040 - logger - DEBUG - 127.0.0.1:9768
2024-04-26 01:09:47,040 - logger - DEBUG - C:\Users\myron\AppData\Roaming\adspower_global\cwd_global\chrome_123\chromedriver.exe
2024-04-26 01:10:00,943 - logger - DEBUG - check1
2024-04-26 01:10:01,949 - logger - DEBUG - ['779D60288D745FB647E29AA1380C1BE0', '4849B664BC1A9068800F21C54E976A6C']
2024-04-26 01:10:02,973 - logger - DEBUG - check3
2024-04-26 01:10:02,984 - logger - DEBUG - check4
2024-04-26 01:10:03,054 - logger - DEBUG - check1
2024-04-26 01:10:04,059 - logger - DEBUG - ['779D60288D745FB647E29AA1380C1BE0', '4849B664BC1A9068800F21C54E976A6C']
2024-04-26 01:10:05,095 - logger - DEBUG - check3
2024-04-26 01:10:05,101 - logger - DEBUG - check1
2024-04-26 01:10:06,104 - logger - DEBUG - ['779D60288D745FB647E29AA1380C1BE0']
2024-04-26 01:10:07,126 - logger - DEBUG - not found
2024-04-26 01:10:07,126 - logger - DEBUG - wallet connection
2024-04-26 01:10:23,697 - logger - DEBUG - Close it
2024-04-26 01:10:40,801 - logger - DEBUG - Close it
2024-04-26 01:10:54,613 - logger - DEBUG - 127.0.0.1:9983
2024-04-26 01:10:54,613 - logger - DEBUG - C:\Users\myron\AppData\Roaming\adspower_global\cwd_global\chrome_123\chromedriver.exe
2024-04-26 01:11:15,791 - logger - DEBUG - wallet connection
2024-04-26 01:11:15,834 - logger - DEBUG - try to click item
2024-04-26 01:11:16,807 - logger - DEBUG - click item
2024-04-26 01:11:24,912 - logger - DEBUG - check1
2024-04-26 01:11:25,921 - logger - DEBUG - ['6EF2AE4E3494F5B9E86F6C603D5C729B', '8169806821CFF36C624EEB5D9025A78B']
2024-04-26 01:11:26,944 - logger - DEBUG - check3
2024-04-26 01:11:26,955 - logger - DEBUG - check5
2024-04-26 01:11:26,965 - logger - DEBUG - check5
2024-04-26 01:11:26,974 - logger - DEBUG - check5
2024-04-26 01:11:26,983 - logger - DEBUG - check5
2024-04-26 01:11:26,992 - logger - DEBUG - check4
2024-04-26 01:11:27,037 - logger - DEBUG - check1
2024-04-26 01:11:28,042 - logger - DEBUG - ['6EF2AE4E3494F5B9E86F6C603D5C729B']
2024-04-26 01:11:29,065 - logger - DEBUG - not found
2024-04-26 01:11:29,065 - logger - DEBUG - check1
2024-04-26 01:11:30,074 - logger - DEBUG - ['6EF2AE4E3494F5B9E86F6C603D5C729B']
2024-04-26 01:11:31,093 - logger - DEBUG - not found
2024-04-26 01:11:31,093 - logger - DEBUG - check1
2024-04-26 01:11:32,108 - logger - DEBUG - ['6EF2AE4E3494F5B9E86F6C603D5C729B']
2024-04-26 01:11:33,132 - logger - DEBUG - not found
2024-04-26 01:11:41,435 - logger - INFO - element_market_buy_one_nft is True for 58
2024-04-26 01:11:43,458 - logger - DEBUG - Close it
2024-04-26 01:11:52,796 - logger - DEBUG - 127.0.0.1:10138
2024-04-26 01:11:52,796 - logger - DEBUG - C:\Users\myron\AppData\Roaming\adspower_global\cwd_global\chrome_123\chromedriver.exe
2024-04-26 01:12:07,307 - logger - DEBUG - check1
2024-04-26 01:12:08,316 - logger - DEBUG - ['44951FF21294AC0C692DE2057ED1985D', '4C0701CAD4F92A2EAFB867BA05FCA323']
2024-04-26 01:12:09,363 - logger - DEBUG - check3
2024-04-26 01:12:09,373 - logger - DEBUG - check4
2024-04-26 01:12:09,441 - logger - DEBUG - check1
2024-04-26 01:12:10,447 - logger - DEBUG - ['44951FF21294AC0C692DE2057ED1985D', '4C0701CAD4F92A2EAFB867BA05FCA323']
2024-04-26 01:12:11,474 - logger - DEBUG - check3
2024-04-26 01:12:11,480 - logger - DEBUG - check1
2024-04-26 01:12:12,482 - logger - DEBUG - ['44951FF21294AC0C692DE2057ED1985D']
2024-04-26 01:12:13,498 - logger - DEBUG - not found
2024-04-26 01:12:13,498 - logger - DEBUG - wallet connection
2024-04-26 01:12:13,537 - logger - DEBUG - try to click item
2024-04-26 01:12:14,513 - logger - DEBUG - click item
2024-04-26 01:12:22,660 - logger - DEBUG - check1
2024-04-26 01:12:23,674 - logger - DEBUG - ['44951FF21294AC0C692DE2057ED1985D', '5B081F3CFA636A4618197908464769F4']
2024-04-26 01:12:24,700 - logger - DEBUG - check3
2024-04-26 01:12:24,712 - logger - DEBUG - check5
2024-04-26 01:12:24,721 - logger - DEBUG - check5
2024-04-26 01:12:24,731 - logger - DEBUG - check5
2024-04-26 01:12:24,740 - logger - DEBUG - check5
2024-04-26 01:12:24,749 - logger - DEBUG - check4
2024-04-26 01:12:24,800 - logger - DEBUG - check1
2024-04-26 01:12:25,801 - logger - DEBUG - ['44951FF21294AC0C692DE2057ED1985D']
2024-04-26 01:12:26,824 - logger - DEBUG - not found
2024-04-26 01:12:26,824 - logger - DEBUG - check1
2024-04-26 01:12:27,835 - logger - DEBUG - ['44951FF21294AC0C692DE2057ED1985D']
2024-04-26 01:12:28,852 - logger - DEBUG - not found
2024-04-26 01:12:28,852 - logger - DEBUG - check1
2024-04-26 01:12:29,858 - logger - DEBUG - ['44951FF21294AC0C692DE2057ED1985D']
2024-04-26 01:12:30,881 - logger - DEBUG - not found
2024-04-26 01:12:39,201 - logger - INFO - element_market_buy_one_nft is True for 59
2024-04-26 01:12:41,227 - logger - DEBUG - Close it
2024-04-26 01:12:45,633 - logger - DEBUG - Close it
2024-04-26 01:13:40,365 - logger - DEBUG - 127.0.0.1:10475
2024-04-26 01:13:40,365 - logger - DEBUG - C:\Users\myron\AppData\Roaming\adspower_global\cwd_global\chrome_120\chromedriver.exe
2024-04-26 01:14:03,255 - logger - DEBUG - check1
2024-04-26 01:14:04,262 - logger - DEBUG - ['34221180355617CC7BCE5B343AC709E9', '14835D1D23EE5C67C050952FA4943A87']
2024-04-26 01:14:05,277 - logger - DEBUG - check3
2024-04-26 01:14:05,288 - logger - DEBUG - check4
2024-04-26 01:14:05,367 - logger - DEBUG - check1
2024-04-26 01:14:06,396 - logger - DEBUG - ['34221180355617CC7BCE5B343AC709E9', '14835D1D23EE5C67C050952FA4943A87']
2024-04-26 01:14:07,416 - logger - DEBUG - check3
2024-04-26 01:14:07,423 - logger - DEBUG - check1
2024-04-26 01:14:08,439 - logger - DEBUG - ['34221180355617CC7BCE5B343AC709E9']
2024-04-26 01:14:09,459 - logger - DEBUG - not found
2024-04-26 01:14:09,459 - logger - DEBUG - wallet connection
2024-04-26 01:14:09,504 - logger - DEBUG - try to click item
2024-04-26 01:14:10,485 - logger - DEBUG - click item
2024-04-26 01:14:18,593 - logger - DEBUG - check1
2024-04-26 01:14:19,597 - logger - DEBUG - ['34221180355617CC7BCE5B343AC709E9']
2024-04-26 01:14:20,604 - logger - DEBUG - not found
2024-04-26 01:14:20,604 - logger - DEBUG - check1
2024-04-26 01:14:21,615 - logger - DEBUG - ['34221180355617CC7BCE5B343AC709E9']
2024-04-26 01:14:22,651 - logger - DEBUG - not found
2024-04-26 01:14:22,651 - logger - DEBUG - check1
2024-04-26 01:14:23,660 - logger - DEBUG - ['34221180355617CC7BCE5B343AC709E9']
2024-04-26 01:14:24,683 - logger - DEBUG - not found
2024-04-26 01:15:02,892 - logger - ERROR - An error occurred for 34 in task <function element_market_buy_one_nft at 0x000001D99A1FE550>
2024-04-26 01:15:02,892 - logger - DEBUG - Message: no such window: target window already closed
from unknown error: web view not found
  (Session info: chrome=120.0.6099.63)
Stacktrace:
	(No symbol) [0x00007FF6130410B2]
	(No symbol) [0x00007FF6131E08A2]
	(No symbol) [0x00007FF612F7CDE5]
	(No symbol) [0x00007FF612F5E89B]
	(No symbol) [0x00007FF612FDF909]
	(No symbol) [0x00007FF612FF0CC2]
	(No symbol) [0x00007FF612FD8D73]
	(No symbol) [0x00007FF612FB17FC]
	(No symbol) [0x00007FF612FB0CE4]
	(No symbol) [0x00007FF612FB242B]
	GetHandleVerifier [0x00007FF61336D261+420193]
	sqlite3_dbdata_init [0x00007FF613530461+580881]
	sqlite3_dbdata_init [0x00007FF61352FD3F+579055]
	sqlite3_dbdata_init [0x00007FF61352CF95+567365]
	sqlite3_dbdata_init [0x00007FF613530D03+583091]
	(No symbol) [0x00007FF6131F77DF]
	(No symbol) [0x00007FF6131EB924]
	(No symbol) [0x00007FF6131EBAB2]
	(No symbol) [0x00007FF6131D1B7D]
	BaseThreadInitThunk [0x00007FFF2A3B7344+20]
	RtlUserThreadStart [0x00007FFF2C3226B1+33]

2024-04-26 01:15:02,899 - logger - DEBUG - Close it
2024-04-26 01:15:07,863 - logger - DEBUG - Close it
2024-04-26 01:17:18,953 - logger - DEBUG - 127.0.0.1:10833
2024-04-26 01:17:18,953 - logger - DEBUG - C:\Users\myron\AppData\Roaming\adspower_global\cwd_global\chrome_119\chromedriver.exe
2024-04-26 01:17:41,973 - logger - DEBUG - check1
2024-04-26 01:17:42,981 - logger - DEBUG - ['68AE204F4724594F3F431AB908519CFB', 'BA11AE85D3322FFF82042CBBF4B53640']
2024-04-26 01:17:44,003 - logger - DEBUG - check3
2024-04-26 01:17:44,013 - logger - DEBUG - check4
2024-04-26 01:17:44,085 - logger - DEBUG - check1
2024-04-26 01:17:45,101 - logger - DEBUG - ['68AE204F4724594F3F431AB908519CFB', 'BA11AE85D3322FFF82042CBBF4B53640']
2024-04-26 01:17:46,125 - logger - DEBUG - check3
2024-04-26 01:17:46,132 - logger - DEBUG - check1
2024-04-26 01:17:47,137 - logger - DEBUG - ['68AE204F4724594F3F431AB908519CFB']
2024-04-26 01:17:48,153 - logger - DEBUG - not found
2024-04-26 01:17:48,153 - logger - DEBUG - wallet connection
2024-04-26 01:17:48,192 - logger - DEBUG - try to click item
2024-04-26 01:17:49,197 - logger - DEBUG - click item
2024-04-26 01:17:57,337 - logger - DEBUG - check1
2024-04-26 01:17:58,349 - logger - DEBUG - ['68AE204F4724594F3F431AB908519CFB', 'DAF506F6B680876E5080A77D2743D079']
2024-04-26 01:17:59,396 - logger - DEBUG - check3
2024-04-26 01:17:59,407 - logger - DEBUG - check5
2024-04-26 01:17:59,416 - logger - DEBUG - check5
2024-04-26 01:17:59,425 - logger - DEBUG - check5
2024-04-26 01:17:59,435 - logger - DEBUG - check5
2024-04-26 01:17:59,443 - logger - DEBUG - check4
2024-04-26 01:17:59,494 - logger - DEBUG - check1
2024-04-26 01:18:00,502 - logger - DEBUG - ['68AE204F4724594F3F431AB908519CFB']
2024-04-26 01:18:01,514 - logger - DEBUG - not found
2024-04-26 01:18:01,514 - logger - DEBUG - check1
2024-04-26 01:18:02,523 - logger - DEBUG - ['68AE204F4724594F3F431AB908519CFB']
2024-04-26 01:18:03,546 - logger - DEBUG - not found
2024-04-26 01:18:03,546 - logger - DEBUG - check1
2024-04-26 01:18:04,561 - logger - DEBUG - ['68AE204F4724594F3F431AB908519CFB']
2024-04-26 01:18:05,586 - logger - DEBUG - not found
2024-04-26 01:18:41,287 - logger - ERROR - An error occurred for 38 in task <function element_market_buy_one_nft at 0x000001D8C59A6160>
2024-04-26 01:18:41,288 - logger - DEBUG - Message: no such window: target window already closed
from unknown error: web view not found
  (Session info: chrome=119.0.6045.106)
Stacktrace:
	(No symbol) [0x00007FF63BD29A22]
	(No symbol) [0x00007FF63BEBB442]
	(No symbol) [0x00007FF63BC5C565]
	(No symbol) [0x00007FF63BC3E25B]
	(No symbol) [0x00007FF63BCBA101]
	(No symbol) [0x00007FF63BCCA3FE]
	(No symbol) [0x00007FF63BCB5303]
	(No symbol) [0x00007FF63BC8F8AC]
	(No symbol) [0x00007FF63BC8EF8A]
	(No symbol) [0x00007FF63BC9038B]
	GetHandleVerifier [0x00007FF63C046938+420520]
	sqlite3_dbdata_init [0x00007FF63C20C06F+578719]
	sqlite3_dbdata_init [0x00007FF63C20B98D+576957]
	sqlite3_dbdata_init [0x00007FF63C208C55+565381]
	sqlite3_dbdata_init [0x00007FF63C20CB34+581476]
	(No symbol) [0x00007FF63BED23BB]
	(No symbol) [0x00007FF63BEC65D4]
	(No symbol) [0x00007FF63BEC6762]
	(No symbol) [0x00007FF63BEAC31D]
	BaseThreadInitThunk [0x00007FFF2A3B7344+20]
	RtlUserThreadStart [0x00007FFF2C3226B1+33]

2024-04-26 01:18:41,304 - logger - DEBUG - Close it
2024-04-26 01:18:44,431 - logger - DEBUG - Close it
2024-04-26 01:19:38,707 - logger - DEBUG - 127.0.0.1:11348
2024-04-26 01:19:38,707 - logger - DEBUG - C:\Users\myron\AppData\Roaming\adspower_global\cwd_global\chrome_118\chromedriver.exe
2024-04-26 01:20:02,114 - logger - DEBUG - check1
2024-04-26 01:20:03,129 - logger - DEBUG - ['8E275988472B2FAF1DC346D0E7C8609B', '54B8798D529A23538AFFCEB517DD2BE1']
2024-04-26 01:20:04,162 - logger - DEBUG - check3
2024-04-26 01:20:04,173 - logger - DEBUG - check4
2024-04-26 01:20:04,233 - logger - DEBUG - check1
2024-04-26 01:20:05,248 - logger - DEBUG - ['8E275988472B2FAF1DC346D0E7C8609B', '54B8798D529A23538AFFCEB517DD2BE1']
2024-04-26 01:20:06,267 - logger - DEBUG - check3
2024-04-26 01:20:06,272 - logger - DEBUG - check1
2024-04-26 01:20:07,273 - logger - DEBUG - ['8E275988472B2FAF1DC346D0E7C8609B']
2024-04-26 01:20:08,297 - logger - DEBUG - not found
2024-04-26 01:20:08,297 - logger - DEBUG - wallet connection
2024-04-26 01:20:08,341 - logger - DEBUG - try to click item
2024-04-26 01:20:09,396 - logger - DEBUG - click item
2024-04-26 01:20:17,541 - logger - DEBUG - check1
2024-04-26 01:20:18,552 - logger - DEBUG - ['8E275988472B2FAF1DC346D0E7C8609B', '3F3017300E73141469FB8D3F5AE39D4C']
2024-04-26 01:20:19,573 - logger - DEBUG - check3
2024-04-26 01:20:19,584 - logger - DEBUG - check5
2024-04-26 01:20:19,595 - logger - DEBUG - check5
2024-04-26 01:20:19,604 - logger - DEBUG - check5
2024-04-26 01:20:19,614 - logger - DEBUG - check5
2024-04-26 01:20:19,624 - logger - DEBUG - check4
2024-04-26 01:20:19,701 - logger - DEBUG - check1
2024-04-26 01:20:20,710 - logger - DEBUG - ['8E275988472B2FAF1DC346D0E7C8609B']
2024-04-26 01:20:21,723 - logger - DEBUG - not found
2024-04-26 01:20:21,723 - logger - DEBUG - check1
2024-04-26 01:20:22,733 - logger - DEBUG - ['8E275988472B2FAF1DC346D0E7C8609B']
2024-04-26 01:20:23,747 - logger - DEBUG - not found
2024-04-26 01:20:23,747 - logger - DEBUG - check1
2024-04-26 01:20:24,754 - logger - DEBUG - ['8E275988472B2FAF1DC346D0E7C8609B']
2024-04-26 01:20:25,773 - logger - DEBUG - not found
2024-04-26 01:21:56,478 - logger - INFO - element_market_buy_one_nft is True for 47
2024-04-26 01:21:58,488 - logger - DEBUG - Close it
2024-04-26 01:22:02,516 - logger - DEBUG - Close it
